<?xml version="1.0" encoding="UTF-8"?>
<!-- Generated by org.testng.reporters.JUnitXMLReporter -->
<testsuite ignored="0" hostname="DESKTOP-ICM49JE" failures="1" tests="4" name="Error validations test" time="19.709" errors="0" timestamp="2024-10-18T14:00:05 CEST">
  <testcase classname="gyuri.tests.ErrorValidationsTest" name="loginErrorValidation" time="0.651">
    <skipped/>
  </testcase> <!-- loginErrorValidation -->
  <testcase classname="gyuri.tests.ErrorValidationsTest" name="loginErrorValidation" time="0.634">
    <skipped/>
  </testcase> <!-- loginErrorValidation -->
  <testcase classname="gyuri.tests.ErrorValidationsTest" name="loginErrorValidation" time="1.107">
    <failure type="java.lang.AssertionError" message="expected [Incorrect email or password.] but found [Incorrect email  password.]">
      <![CDATA[java.lang.AssertionError: expected [Incorrect email or password.] but found [Incorrect email  password.]
at gyuri.tests.ErrorValidationsTest.loginErrorValidation(ErrorValidationsTest.java:37)
at java.base/java.util.ArrayList.forEach(ArrayList.java:1597)
at java.base/java.util.concurrent.FutureTask.run(FutureTask.java:317)
at java.base/java.util.concurrent.ThreadPoolExecutor.runWorker(ThreadPoolExecutor.java:1144)
at java.base/java.util.concurrent.ThreadPoolExecutor$Worker.run(ThreadPoolExecutor.java:642)
at java.base/java.lang.Thread.run(Thread.java:1570)
... Removed 22 stack frames]]>
    </failure>
  </testcase> <!-- loginErrorValidation -->
  <testcase classname="gyuri.tests.ErrorValidationsTest" name="productErrorValidation" time="3.097"/>
</testsuite> <!-- Error validations test -->
