<?xml version="1.0" encoding="UTF-8"?>
<!-- Generated by org.testng.reporters.JUnitXMLReporter -->
<testsuite ignored="1" hostname="DESKTOP-ICM49JE" failures="0" tests="2" name="Submit Order Test" time="16.799" errors="0" timestamp="2024-10-23T08:16:58 CEST">
  <testcase classname="gyuri.tests.SubmitOrderTest" name="submitOrder" time="5.435"/>
  <testcase classname="gyuri.tests.SubmitOrderTest" name="submitOrder" time="4.81"/>
  <testcase classname="gyuri.tests.SubmitOrderTest" name="OrderHistoryTest" time="0.0">
    <ignored/>
  </testcase> <!-- OrderHistoryTest -->
</testsuite> <!-- Submit Order Test -->
