<?xml version="1.0" encoding="UTF-8"?>
<!-- Generated by org.testng.reporters.JUnitXMLReporter -->
<testsuite ignored="1" hostname="DESKTOP-ICM49JE" failures="0" tests="1" name="Error validatios test" time="4.454" errors="0" timestamp="2024-10-22T16:14:34 CEST">
  <testcase classname="gyuri.tests.ErrorValidationsTest" name="loginErrorValidation" time="1.963"/>
  <testcase classname="gyuri.tests.ErrorValidationsTest" name="productErrorValidation" time="0.0">
    <ignored/>
  </testcase> <!-- productErrorValidation -->
</testsuite> <!-- Error validatios test -->
