<?xml version="1.0" encoding="UTF-8"?>
<!-- Generated by org.testng.reporters.JUnitXMLReporter -->
<testsuite ignored="0" hostname="DESKTOP-ICM49JE" failures="0" tests="2" name="Error validations test" time="12.758" errors="0" timestamp="2024-10-22T16:00:24 CEST">
  <testcase classname="gyuri.tests.ErrorValidationsTest" name="loginErrorValidation" time="0.949"/>
  <testcase classname="gyuri.tests.ErrorValidationsTest" name="productErrorValidation" time="3.719"/>
</testsuite> <!-- Error validations test -->
