<?xml version="1.0" encoding="UTF-8"?>
<testng-results ignored="0" total="1" passed="1" failed="0" skipped="0">
  <reporter-output>
  </reporter-output>
  <suite started-at="2024-10-22T16:14:29 CEST" name="Suite" finished-at="2024-10-22T16:14:34 CEST" duration-ms="4454">
    <groups>
      <group name="ErrorHandling">
        <method signature="ErrorValidationsTest.loginErrorValidation()[pri:0, instance:gyuri.tests.ErrorValidationsTest@55182842]" name="loginErrorValidation" class="gyuri.tests.ErrorValidationsTest"/>
      </group> <!-- ErrorHandling -->
    </groups>
    <test started-at="2024-10-22T16:14:29 CEST" name="Submit Order Test" finished-at="2024-10-22T16:14:29 CEST" duration-ms="11">
    </test> <!-- Submit Order Test -->
    <test started-at="2024-10-22T16:14:29 CEST" name="Error validatios test" finished-at="2024-10-22T16:14:34 CEST" duration-ms="4454">
      <class name="gyuri.tests.ErrorValidationsTest">
        <test-method is-config="true" signature="launchApplication()[pri:0, instance:gyuri.tests.ErrorValidationsTest@55182842]" started-at="2024-10-22T16:14:30 CEST" name="launchApplication" finished-at="2024-10-22T16:14:32 CEST" duration-ms="2287" status="PASS">
          <reporter-output>
          </reporter-output>
        </test-method> <!-- launchApplication -->
        <test-method signature="loginErrorValidation()[pri:0, instance:gyuri.tests.ErrorValidationsTest@55182842]" started-at="2024-10-22T16:14:32 CEST" name="loginErrorValidation" finished-at="2024-10-22T16:14:34 CEST" duration-ms="1963" status="PASS">
          <reporter-output>
          </reporter-output>
        </test-method> <!-- loginErrorValidation -->
        <test-method is-config="true" signature="tearDown()[pri:0, instance:gyuri.tests.ErrorValidationsTest@55182842]" started-at="2024-10-22T16:14:34 CEST" name="tearDown" finished-at="2024-10-22T16:14:34 CEST" duration-ms="153" status="PASS">
          <reporter-output>
          </reporter-output>
        </test-method> <!-- tearDown -->
      </class> <!-- gyuri.tests.ErrorValidationsTest -->
    </test> <!-- Error validatios test -->
  </suite> <!-- Suite -->
</testng-results>
